<?xml version="1.0" encoding="UTF-8"?>
<testng-results skipped="0" failed="0" total="1" passed="1">
  <reporter-output>
  </reporter-output>
  <suite name="Default suite" duration-ms="67123" started-at="2015-02-10T09:33:45Z" finished-at="2015-02-10T09:34:52Z">
    <groups>
    </groups>
    <test name="Default test" duration-ms="67123" started-at="2015-02-10T09:33:45Z" finished-at="2015-02-10T09:34:52Z">
      <class name="com.web.tests.TestCase1">
        <test-method status="PASS" signature="set()[pri:0, instance:com.web.tests.TestCase1@adb24]" name="set" is-config="true" duration-ms="32030" started-at="2015-02-10T15:03:45Z" finished-at="2015-02-10T15:04:17Z">
          <reporter-output>
          </reporter-output>
        </test-method> <!-- set -->
        <test-method status="PASS" signature="Terstcase1()[pri:0, instance:com.web.tests.TestCase1@adb24]" name="Terstcase1" duration-ms="34935" started-at="2015-02-10T15:04:17Z" finished-at="2015-02-10T15:04:52Z">
          <reporter-output>
          </reporter-output>
        </test-method> <!-- Terstcase1 -->
        <test-method status="PASS" signature="tearDown()[pri:0, instance:com.web.tests.TestCase1@adb24]" name="tearDown" is-config="true" duration-ms="146" started-at="2015-02-10T15:04:52Z" finished-at="2015-02-10T15:04:52Z">
          <reporter-output>
          </reporter-output>
        </test-method> <!-- tearDown -->
      </class> <!-- com.web.tests.TestCase1 -->
    </test> <!-- Default test -->
  </suite> <!-- Default suite -->
</testng-results>
